<?xml version='1.0' encoding='UTF-8'?>
<result plugin="junit@1.21">
  <suites>
    <suite>
      <file>/var/jenkins_home/workspace/finanzas/target/surefire-reports/TEST-org.proundmega.finanzas.unit.core.AhorroTest.xml</file>
      <name>org.proundmega.finanzas.unit.core.AhorroTest</name>
      <duration>0.017</duration>
      <time>0.017</time>
      <cases>
        <case>
          <duration>0.002</duration>
          <className>org.proundmega.finanzas.unit.core.AhorroTest</className>
          <testName>calculoFinalConAnualidadCero</testName>
          <skipped>false</skipped>
          <failedSince>0</failedSince>
        </case>
        <case>
          <duration>0.0</duration>
          <className>org.proundmega.finanzas.unit.core.AhorroTest</className>
          <testName>calculoFinalConValoresNegativos</testName>
          <skipped>false</skipped>
          <failedSince>0</failedSince>
        </case>
        <case>
          <duration>0.012</duration>
          <className>org.proundmega.finanzas.unit.core.AhorroTest</className>
          <testName>calculoFinalCorrecto1</testName>
          <skipped>false</skipped>
          <failedSince>0</failedSince>
        </case>
        <case>
          <duration>0.001</duration>
          <className>org.proundmega.finanzas.unit.core.AhorroTest</className>
          <testName>calculoFinalCorrecto2</testName>
          <skipped>false</skipped>
          <failedSince>0</failedSince>
        </case>
      </cases>
    </suite>
    <suite>
      <file>/var/jenkins_home/workspace/finanzas/target/surefire-reports/TEST-org.proundmega.finanzas.it.core.ClienteTest.xml</file>
      <name>org.proundmega.finanzas.it.core.ClienteTest</name>
      <duration>0.004</duration>
      <time>0.004</time>
      <cases>
        <case>
          <duration>0.002</duration>
          <className>org.proundmega.finanzas.it.core.ClienteTest</className>
          <testName>calculoAnualidadDeInversionCorrecto</testName>
          <skipped>false</skipped>
          <failedSince>0</failedSince>
        </case>
        <case>
          <duration>0.0</duration>
          <className>org.proundmega.finanzas.it.core.ClienteTest</className>
          <testName>calculoDiferenciaDeEdadesCorrecto</testName>
          <skipped>false</skipped>
          <failedSince>0</failedSince>
        </case>
      </cases>
    </suite>
  </suites>
  <duration>0.021000002</duration>
  <keepLongStdio>false</keepLongStdio>
</result>